[0.645s] Invoking command in '/home/robot/ws_aprendendo_ros2/src/build/pacote_de_exemplos': PYTHONPATH=/home/robot/ws_aprendendo_ros2/src/build/pacote_de_exemplos/prefix_override:/home/robot/ws_aprendendo_ros2/src/install/pacote_de_exemplos/lib/python3.10/site-packages:${PYTHONPATH} /usr/bin/python3 setup.py develop --editable --build-directory /home/robot/ws_aprendendo_ros2/src/build/pacote_de_exemplos/build --no-deps install_data
[0.939s] running develop
[1.116s] running egg_info
[1.117s] writing pacote_de_exemplos.egg-info/PKG-INFO
[1.118s] writing dependency_links to pacote_de_exemplos.egg-info/dependency_links.txt
[1.119s] writing entry points to pacote_de_exemplos.egg-info/entry_points.txt
[1.120s] writing requirements to pacote_de_exemplos.egg-info/requires.txt
[1.121s] writing top-level names to pacote_de_exemplos.egg-info/top_level.txt
[1.124s] reading manifest file 'pacote_de_exemplos.egg-info/SOURCES.txt'
[1.126s] writing manifest file 'pacote_de_exemplos.egg-info/SOURCES.txt'
[1.129s] running build_ext
[1.129s] Creating /home/robot/ws_aprendendo_ros2/src/install/pacote_de_exemplos/lib/python3.10/site-packages/pacote-de-exemplos.egg-link (link to .)
[1.131s] Installing checkpoints script to /home/robot/ws_aprendendo_ros2/src/install/pacote_de_exemplos/lib/pacote_de_exemplos
[1.133s] Installing no_com_classe script to /home/robot/ws_aprendendo_ros2/src/install/pacote_de_exemplos/lib/pacote_de_exemplos
[1.134s] Installing no_simples script to /home/robot/ws_aprendendo_ros2/src/install/pacote_de_exemplos/lib/pacote_de_exemplos
[1.135s] Installing r2d2 script to /home/robot/ws_aprendendo_ros2/src/install/pacote_de_exemplos/lib/pacote_de_exemplos
[1.136s] 
[1.137s] Installed /home/robot/ws_aprendendo_ros2/src/build/pacote_de_exemplos
[1.137s] running install_data
[1.166s] Invoked command in '/home/robot/ws_aprendendo_ros2/src/build/pacote_de_exemplos' returned '0': PYTHONPATH=/home/robot/ws_aprendendo_ros2/src/build/pacote_de_exemplos/prefix_override:/home/robot/ws_aprendendo_ros2/src/install/pacote_de_exemplos/lib/python3.10/site-packages:${PYTHONPATH} /usr/bin/python3 setup.py develop --editable --build-directory /home/robot/ws_aprendendo_ros2/src/build/pacote_de_exemplos/build --no-deps install_data
