[1.005s] Invoking command in '/home/robot/ws_aprendendo_ros2/src/build/meu_primeiro_pacote': PYTHONPATH=/home/robot/ws_aprendendo_ros2/src/build/meu_primeiro_pacote/prefix_override:/home/robot/ws_aprendendo_ros2/src/install/meu_primeiro_pacote/lib/python3.10/site-packages:${PYTHONPATH} /usr/bin/python3 setup.py develop --editable --build-directory /home/robot/ws_aprendendo_ros2/src/build/meu_primeiro_pacote/build --no-deps install_data
[1.429s] running develop
[1.665s] running egg_info
[1.666s] creating meu_primeiro_pacote.egg-info
[1.667s] writing meu_primeiro_pacote.egg-info/PKG-INFO
[1.668s] writing dependency_links to meu_primeiro_pacote.egg-info/dependency_links.txt
[1.669s] writing entry points to meu_primeiro_pacote.egg-info/entry_points.txt
[1.670s] writing requirements to meu_primeiro_pacote.egg-info/requires.txt
[1.671s] writing top-level names to meu_primeiro_pacote.egg-info/top_level.txt
[1.671s] writing manifest file 'meu_primeiro_pacote.egg-info/SOURCES.txt'
[1.675s] reading manifest file 'meu_primeiro_pacote.egg-info/SOURCES.txt'
[1.676s] writing manifest file 'meu_primeiro_pacote.egg-info/SOURCES.txt'
[1.680s] running build_ext
[1.680s] Creating /home/robot/ws_aprendendo_ros2/src/install/meu_primeiro_pacote/lib/python3.10/site-packages/meu-primeiro-pacote.egg-link (link to .)
[1.682s] Installing meu_primeiro_no script to /home/robot/ws_aprendendo_ros2/src/install/meu_primeiro_pacote/lib/meu_primeiro_pacote
[1.684s] 
[1.684s] Installed /home/robot/ws_aprendendo_ros2/src/build/meu_primeiro_pacote
[1.684s] running install_data
[1.684s] creating /home/robot/ws_aprendendo_ros2/src/install/meu_primeiro_pacote/share/ament_index
[1.684s] creating /home/robot/ws_aprendendo_ros2/src/install/meu_primeiro_pacote/share/ament_index/resource_index
[1.685s] creating /home/robot/ws_aprendendo_ros2/src/install/meu_primeiro_pacote/share/ament_index/resource_index/packages
[1.685s] copying resource/meu_primeiro_pacote -> /home/robot/ws_aprendendo_ros2/src/install/meu_primeiro_pacote/share/ament_index/resource_index/packages
[1.685s] copying package.xml -> /home/robot/ws_aprendendo_ros2/src/install/meu_primeiro_pacote/share/meu_primeiro_pacote
[1.720s] Invoked command in '/home/robot/ws_aprendendo_ros2/src/build/meu_primeiro_pacote' returned '0': PYTHONPATH=/home/robot/ws_aprendendo_ros2/src/build/meu_primeiro_pacote/prefix_override:/home/robot/ws_aprendendo_ros2/src/install/meu_primeiro_pacote/lib/python3.10/site-packages:${PYTHONPATH} /usr/bin/python3 setup.py develop --editable --build-directory /home/robot/ws_aprendendo_ros2/src/build/meu_primeiro_pacote/build --no-deps install_data
