[1.060s] Invoking command in '/home/robot/ws_aprendendo_ros2/src/build/botafogo': PYTHONPATH=/home/robot/ws_aprendendo_ros2/src/build/botafogo/prefix_override:/home/robot/ws_aprendendo_ros2/src/install/botafogo/lib/python3.10/site-packages:${PYTHONPATH} /usr/bin/python3 setup.py develop --editable --build-directory /home/robot/ws_aprendendo_ros2/src/build/botafogo/build --no-deps install_data
[1.500s] running develop
[1.729s] running egg_info
[1.730s] creating botafogo.egg-info
[1.733s] writing botafogo.egg-info/PKG-INFO
[1.735s] writing dependency_links to botafogo.egg-info/dependency_links.txt
[1.738s] writing entry points to botafogo.egg-info/entry_points.txt
[1.739s] writing requirements to botafogo.egg-info/requires.txt
[1.741s] writing top-level names to botafogo.egg-info/top_level.txt
[1.743s] writing manifest file 'botafogo.egg-info/SOURCES.txt'
[1.747s] reading manifest file 'botafogo.egg-info/SOURCES.txt'
[1.749s] writing manifest file 'botafogo.egg-info/SOURCES.txt'
[1.753s] running build_ext
[1.755s] Creating /home/robot/ws_aprendendo_ros2/src/install/botafogo/lib/python3.10/site-packages/botafogo.egg-link (link to .)
[1.757s] 
[1.758s] Installed /home/robot/ws_aprendendo_ros2/src/build/botafogo
[1.760s] running install_data
[1.761s] creating /home/robot/ws_aprendendo_ros2/src/install/botafogo/share/ament_index
[1.763s] creating /home/robot/ws_aprendendo_ros2/src/install/botafogo/share/ament_index/resource_index
[1.765s] creating /home/robot/ws_aprendendo_ros2/src/install/botafogo/share/ament_index/resource_index/packages
[1.766s] copying resource/botafogo -> /home/robot/ws_aprendendo_ros2/src/install/botafogo/share/ament_index/resource_index/packages
[1.769s] copying package.xml -> /home/robot/ws_aprendendo_ros2/src/install/botafogo/share/botafogo
[1.815s] Invoked command in '/home/robot/ws_aprendendo_ros2/src/build/botafogo' returned '0': PYTHONPATH=/home/robot/ws_aprendendo_ros2/src/build/botafogo/prefix_override:/home/robot/ws_aprendendo_ros2/src/install/botafogo/lib/python3.10/site-packages:${PYTHONPATH} /usr/bin/python3 setup.py develop --editable --build-directory /home/robot/ws_aprendendo_ros2/src/build/botafogo/build --no-deps install_data
