[0.600s] Invoking command in '/home/robot/ws_aprendendo_ros2/src/meu_primeiro_pacote/build/meu_primeiro_pacote': PYTHONPATH=/home/robot/ws_aprendendo_ros2/src/meu_primeiro_pacote/build/meu_primeiro_pacote/prefix_override:/home/robot/ws_aprendendo_ros2/src/meu_primeiro_pacote/install/meu_primeiro_pacote/lib/python3.10/site-packages:${PYTHONPATH} /usr/bin/python3 setup.py develop --editable --build-directory /home/robot/ws_aprendendo_ros2/src/meu_primeiro_pacote/build/meu_primeiro_pacote/build --no-deps install_data
[0.858s] running develop
[1.023s] running egg_info
[1.024s] creating meu_primeiro_pacote.egg-info
[1.024s] writing meu_primeiro_pacote.egg-info/PKG-INFO
[1.024s] writing dependency_links to meu_primeiro_pacote.egg-info/dependency_links.txt
[1.024s] writing entry points to meu_primeiro_pacote.egg-info/entry_points.txt
[1.024s] writing requirements to meu_primeiro_pacote.egg-info/requires.txt
[1.024s] writing top-level names to meu_primeiro_pacote.egg-info/top_level.txt
[1.025s] writing manifest file 'meu_primeiro_pacote.egg-info/SOURCES.txt'
[1.025s] reading manifest file 'meu_primeiro_pacote.egg-info/SOURCES.txt'
[1.026s] writing manifest file 'meu_primeiro_pacote.egg-info/SOURCES.txt'
[1.027s] running build_ext
[1.027s] Creating /home/robot/ws_aprendendo_ros2/src/meu_primeiro_pacote/install/meu_primeiro_pacote/lib/python3.10/site-packages/meu-primeiro-pacote.egg-link (link to .)
[1.029s] Installing meu_primeiro_no script to /home/robot/ws_aprendendo_ros2/src/meu_primeiro_pacote/install/meu_primeiro_pacote/lib/meu_primeiro_pacote
[1.029s] 
[1.029s] Installed /home/robot/ws_aprendendo_ros2/src/meu_primeiro_pacote/build/meu_primeiro_pacote
[1.029s] running install_data
[1.030s] creating /home/robot/ws_aprendendo_ros2/src/meu_primeiro_pacote/install/meu_primeiro_pacote/share/ament_index
[1.030s] creating /home/robot/ws_aprendendo_ros2/src/meu_primeiro_pacote/install/meu_primeiro_pacote/share/ament_index/resource_index
[1.030s] creating /home/robot/ws_aprendendo_ros2/src/meu_primeiro_pacote/install/meu_primeiro_pacote/share/ament_index/resource_index/packages
[1.030s] copying resource/meu_primeiro_pacote -> /home/robot/ws_aprendendo_ros2/src/meu_primeiro_pacote/install/meu_primeiro_pacote/share/ament_index/resource_index/packages
[1.030s] copying package.xml -> /home/robot/ws_aprendendo_ros2/src/meu_primeiro_pacote/install/meu_primeiro_pacote/share/meu_primeiro_pacote
[1.053s] Invoked command in '/home/robot/ws_aprendendo_ros2/src/meu_primeiro_pacote/build/meu_primeiro_pacote' returned '0': PYTHONPATH=/home/robot/ws_aprendendo_ros2/src/meu_primeiro_pacote/build/meu_primeiro_pacote/prefix_override:/home/robot/ws_aprendendo_ros2/src/meu_primeiro_pacote/install/meu_primeiro_pacote/lib/python3.10/site-packages:${PYTHONPATH} /usr/bin/python3 setup.py develop --editable --build-directory /home/robot/ws_aprendendo_ros2/src/meu_primeiro_pacote/build/meu_primeiro_pacote/build --no-deps install_data
